<?xml version="1.0" encoding="UTF-8"?>
<testsuite name="BlockchainTest" tests="1" skipped="0" failures="0" errors="0" timestamp="2020-07-06T17:48:40" hostname="DESKTOP-1KRLA0S" time="1.601">
  <properties/>
  <testcase name="start" classname="BlockchainTest" time="1.601"/>
  <system-out><![CDATA[?[1;31m
Start test 1?[0m

Block:
Created by miner # 5
Id: 0
Timestamp: 1594057720272
Magic number: 106339369
Hash of the previous block:
0
Hash of the block:
abbc0c270390cf6e2ab1924ccb4eef53cde6f5e8c77a945be15e8eb958985495
Block data:Tom: Hey, I'm first!
Block was generating for 0.1283876 seconds
N was increased to 1


Block:
Created by miner # 1
Id: 1
Timestamp: 1594057720347
Magic number: 100318663
Hash of the previous block:
abbc0c270390cf6e2ab1924ccb4eef53cde6f5e8c77a945be15e8eb958985495
Hash of the block:
0314e8bf497d26a5bf24ef4166065208adcc4a7b319f2b0f12bde5d38e227c94
Block data:Sarah: It's not fair!
Block was generating for 0.0229546 seconds
N was increased to 2


Block:
Created by miner # 5
Id: 2
Timestamp: 1594057720373
Magic number: 102479096
Hash of the previous block:
0314e8bf497d26a5bf24ef4166065208adcc4a7b319f2b0f12bde5d38e227c94
Hash of the block:
0084bd872a7ceb16d37644c05edd1743a9e536eee301fff6112332053bd1de92
Block data:Sarah: You always will be first because it is your blockchain!
Block was generating for 0.0263621 seconds
N was increased to 3


Block:
Created by miner # 1
Id: 3
Timestamp: 1594057720454
Magic number: 100574411
Hash of the previous block:
0084bd872a7ceb16d37644c05edd1743a9e536eee301fff6112332053bd1de92
Hash of the block:
0002fabe3984dcc9a7c551943b78ccfa5ba7ec7496b24ac7618ba47c699e19db
Block data:Sarah: Anyway, thank you for this amazing chat.
Block was generating for 0.0871497 seconds
N was increased to 4


Block:
Created by miner # 1
Id: 4
Timestamp: 1594057720570
Magic number: 101637438
Hash of the previous block:
0002fabe3984dcc9a7c551943b78ccfa5ba7ec7496b24ac7618ba47c699e19db
Hash of the block:
00005c2987b9dc4009752c00eea2867e09a87a2f392935fd4ea47eae657c9e78
Block data:Tom: You're welcome :)
Block was generating for 0.183783 seconds
N stays the same 4

?[1;31m
Start test 2?[0m

Block:
Created by miner # 7
Id: 0
Timestamp: 1594057721020
Magic number: 105236071
Hash of the previous block:
0
Hash of the block:
76b814e55b35d9364ec7647b9ee1e3daae5e73c9fa305dbf88f97440e71591db
Block data:Tom: Hey, I'm first!
Block was generating for 0.0345829 seconds
N was increased to 1


Block:
Created by miner # 5
Id: 1
Timestamp: 1594057721039
Magic number: 105137652
Hash of the previous block:
76b814e55b35d9364ec7647b9ee1e3daae5e73c9fa305dbf88f97440e71591db
Hash of the block:
0e99df81effe1f2d024792b01264a1f4df5ebfff50fbd0a1083a82074b8b9973
Block data:Sarah: It's not fair!
Block was generating for 0.0146334 seconds
N was increased to 2


Block:
Created by miner # 7
Id: 2
Timestamp: 1594057721075
Magic number: 108051951
Hash of the previous block:
0e99df81effe1f2d024792b01264a1f4df5ebfff50fbd0a1083a82074b8b9973
Hash of the block:
008815732ceecda2cb1840a841264de9352ea2346d71c9f06aa713cb9596414b
Block data:Sarah: You always will be first because it is your blockchain!
Block was generating for 0.0350429 seconds
N was increased to 3


Block:
Created by miner # 7
Id: 3
Timestamp: 1594057721118
Magic number: 102544836
Hash of the previous block:
008815732ceecda2cb1840a841264de9352ea2346d71c9f06aa713cb9596414b
Hash of the block:
000c393e9db5db763d15fc2cd792126617b2558f830f55a6ff43ff8fba0e3474
Block data:Sarah: Anyway, thank you for this amazing chat.
Block was generating for 0.0408097 seconds
N was increased to 4


Block:
Created by miner # 9
Id: 4
Timestamp: 1594057721182
Magic number: 105341222
Hash of the previous block:
000c393e9db5db763d15fc2cd792126617b2558f830f55a6ff43ff8fba0e3474
Hash of the block:
0000512e38c21a0c971a1a916425419dd3c9d32161ac87a06a82705bc9d2df9a
Block data:Tom: You're welcome :)
Block was generating for 0.168608 seconds
N stays the same 4

]]></system-out>
  <system-err><![CDATA[]]></system-err>
</testsuite>
